current directory: /epm/.gems/ruby/3.1.0/gems/nio4r-2.5.9/ext/nio4r
/usr/local/bin/ruby -I /usr/local/lib/ruby/3.1.0 extconf.rb --with-cflags\=-Wno-error\=implicit-function-declaration
checking for unistd.h... yes
checking for linux/aio_abi.h... yes
checking for linux/io_uring.h... yes
checking for sys/select.h... yes
checking for port_event_t in poll.h... no
checking for sys/epoll.h... yes
checking for sys/event.h... no
checking for port_event_t in port.h... no
checking for sys/resource.h... yes
creating Makefile

current directory: /epm/.gems/ruby/3.1.0/gems/nio4r-2.5.9/ext/nio4r
make DESTDIR\= sitearchdir\=./.gem.20230812-1-txsnw sitelibdir\=./.gem.20230812-1-txsnw clean

current directory: /epm/.gems/ruby/3.1.0/gems/nio4r-2.5.9/ext/nio4r
make DESTDIR\= sitearchdir\=./.gem.20230812-1-txsnw sitelibdir\=./.gem.20230812-1-txsnw
compiling bytebuffer.c
compiling monitor.c
compiling nio4r_ext.c
In file included from nio4r_ext.c:6:
../libev/ev.c:2136:31: warning: 'ev_default_loop_ptr' initialized and declared 'extern'
 2136 |   EV_API_DECL struct ev_loop *ev_default_loop_ptr = 0; /* needs to be initialised to make it a definition despite extern */
      |                               ^~~~~~~~~~~~~~~~~~~
compiling selector.c
linking shared-object nio4r_ext.so

current directory: /epm/.gems/ruby/3.1.0/gems/nio4r-2.5.9/ext/nio4r
make DESTDIR\= sitearchdir\=./.gem.20230812-1-txsnw sitelibdir\=./.gem.20230812-1-txsnw install
/usr/bin/install -c -m 0755 nio4r_ext.so ./.gem.20230812-1-txsnw
